<?xml version="1.0" encoding="UTF-8"?>
<testng-results ignored="0" total="1" passed="1" failed="0" skipped="0">
  <reporter-output>
  </reporter-output>
  <suite started-at="2024-03-05T17:39:41Z" name="Default suite" finished-at="2024-03-05T17:39:58Z" duration-ms="17382">
    <groups>
    </groups>
    <test started-at="2024-03-05T17:39:41Z" name="Default test" finished-at="2024-03-05T17:39:58Z" duration-ms="17382">
      <class name="testngproj.testngproj.NewTest">
        <test-method signature="f()[pri:0, instance:testngproj.testngproj.NewTest@7d446ed1]" started-at="2024-03-05T19:39:41Z" name="f" finished-at="2024-03-05T19:39:58Z" duration-ms="17345" status="PASS">
          <reporter-output>
          </reporter-output>
        </test-method> <!-- f -->
      </class> <!-- testngproj.testngproj.NewTest -->
    </test> <!-- Default test -->
  </suite> <!-- Default suite -->
</testng-results>
